make all -f /usr/local/osdev/versions/v/Makefile -C /usr/local/osdev/versions/v --print-data-base --no-builtin-variables --no-builtin-rules --question
# make: Entering directory '/usr/local/osdev/versions/v'
 
make -C src
 
# make[1]: Entering directory '/usr/local/osdev/versions/v/src'
make -C libvv >> /usr/local/osdev/versions/v/build.log
make -C test_apps >> /usr/local/osdev/versions/v/build.log
 
# GNU Make 4.3
# Built for x86_64-pc-linux-gnu
# Copyright (C) 1988-2020 Free Software Foundation, Inc.
# License GPLv3+: GNU GPL version 3 or later <http://gnu.org/licenses/gpl.html>
# This is free software: you are free to change and redistribute it.
# There is NO WARRANTY, to the extent permitted by law.

# Make data base, printed on Sun Mar 20 14:50:34 2022

# Variables

# environment
LC_ALL = C
# environment
QEMU_COMMON = -drive format=raw,if=ide,file=/usr/local/osdev/versions/v/vv_hd.img -device isa-debug-exit,iobase=0xf4,iosize=0x04 -nic user,ipv6=off,model=e1000,mac=52:54:98:76:54:32 -m 4G
# environment
QEMU_DISPLAY_NONE = -serial file:/usr/local/osdev/versions/v/serial_out.txt -serial stdio -display none
# environment
VSCODE_CWD = /home/adam
# default
MAKE_COMMAND := make
# automatic
@D = $(patsubst %/,%,$(dir $@))
# environment
ALAGS =  -I/usr/local/osdev/versions/v/src/include
# environment
VSCODE_HANDLES_UNCAUGHT_ERRORS = true
# default
.VARIABLES := 
# environment
PWD = /usr/local/osdev/versions/v
# automatic
%D = $(patsubst %/,%,$(dir $%))
# environment
XDG_DATA_DIRS = /usr/local/share:/usr/share:/var/lib/snapd/desktop
# automatic
^D = $(patsubst %/,%,$(dir $^))
# environment
VSCODE_LOG_STACK = false
# automatic
%F = $(notdir $%)
# environment
LANG = C
# default
.LOADED := 
# default
.INCLUDE_DIRS = /usr/local/include /usr/include /usr/include
# makefile
MAKEFLAGS = pqrRw
# makefile
CURDIR := /usr/local/osdev/versions/v/src
# environment
ASM = /usr/local/osdev/bin/i686-elf-as
# environment
VSCODE_PIPE_LOGGING = true
# environment
APPLICATION_INSIGHTS_NO_DIAGNOSTIC_CHANNEL = 1
# environment
LESSOPEN = | /usr/bin/lesspipe %s
# automatic
*D = $(patsubst %/,%,$(dir $*))
# environment
MFLAGS = -pqrRw
# default
.SHELLFLAGS := -c
# automatic
+D = $(patsubst %/,%,$(dir $+))
# makefile (from 'Makefile', line 1)
MAKEFILE_LIST := Makefile
# automatic
@F = $(notdir $@)
# environment
VSCODE_VERBOSE_LOGGING = true
# environment
XDG_SESSION_TYPE = tty
# automatic
?D = $(patsubst %/,%,$(dir $?))
# automatic
*F = $(notdir $*)
# environment
DBUS_SESSION_BUS_ADDRESS = unix:path=/run/user/1000/bus
# automatic
<D = $(patsubst %/,%,$(dir $<))
# environment
VSCODE_NLS_CONFIG = {"locale":"en","availableLanguages":{}}
# default
MAKE_HOST := x86_64-pc-linux-gnu
# makefile
SHELL = /bin/sh
# environment
SOURCES_C = src/bootstrap/bootstrap.c src/c/ata.c src/c/debug.c src/c/elf.c src/c/intel8254.c src/c/interrupts.c src/c/kernel.c src/c/memory.c src/c/modules.c src/c/multiboot.c src/c/pci.c src/c/process.c src/c/serial.c src/c/syscall.c src/c/syscall/read.c src/c/syscall/sbrk.c src/c/syscall/sched_yield.c src/c/terminal.c src/c/vga.c src/libvv/vv_list.c src/temp_save/printf.c src/test_apps/alpha.c src/test_apps/beta.c src/test_apps/gamma.c
# environment
SHLVL = 0
# environment
MAKELEVEL := 1
# environment
OBJDUMP = /usr/local/osdev/bin/i686-elf-objdump
# default
MAKE = $(MAKE_COMMAND)
# environment
PATH = /home/adam/.vscode-server/bin/c722ca6c7eed3d7987c0d5c3df5c45f6b15e77d1/bin/remote-cli:/usr/local/osdev/bin:/usr/local/sbin:/usr/local/bin:/usr/sbin:/usr/bin:/sbin:/bin:/usr/games:/usr/local/games:/snap/bin
# default
MAKEFILES := 
# environment
MOTD_SHOWN = pam
# automatic
^F = $(notdir $^)
# environment
SSH_CLIENT = 192.168.0.204 53186 22
# environment
VSCODE_LOG_NATIVE = false
# environment
LESSCLOSE = /usr/bin/lesspipe %s %s
# automatic
?F = $(notdir $?)
# environment
LS_COLORS = 
# environment
ROOT_DIR = /usr/local/osdev/versions/v
# automatic
+F = $(notdir $+)
# 'override' directive
GNUMAKEFLAGS := 
# environment
BROWSER = /home/adam/.vscode-server/bin/c722ca6c7eed3d7987c0d5c3df5c45f6b15e77d1/bin/helpers/browser.sh
# environment
LOGNAME = adam
# makefile
.DEFAULT_GOAL := all
# environment
QEMU = qemu-system-i386 
# environment
USER = adam
# default
MAKE_VERSION := 4.3
# environment
BUILD_LOG = /usr/local/osdev/versions/v/build.log
# environment
VSCODE_EXTHOST_WILL_SEND_SOCKET = true
# environment
QEMU_DISPLAY_NORMAL = -serial file:/usr/local/osdev/versions/v/serial_out.txt -serial stdio
# environment
VSCODE_AGENT_FOLDER = /home/adam/.vscode-server
# environment
_ = /usr/bin/make
# environment
XDG_RUNTIME_DIR = /run/user/1000
# environment
CFLAGS = -ffreestanding -fno-omit-frame-pointer -O2 -nostdlib -static-libgcc -lgcc -g -I/usr/local/osdev/versions/v/src/include -I/usr/local/osdev/versions/v/src/libvv/include -I/usr/local/osdev/versions/vvlibc/include  
# environment
VSCODE_IPC_HOOK_CLI = /run/user/1000/vscode-ipc-b1f10df1-31a4-4bc6-abd2-08c71850c2b4.sock
# environment
XDG_SESSION_CLASS = user
# environment
VSCODE_AMD_ENTRYPOINT = vs/workbench/api/node/extensionHostProcess
# environment
HOME = /home/adam
# environment
XDG_SESSION_ID = 81
# default
.RECIPEPREFIX := 
# automatic
<F = $(notdir $<)
# default
SUFFIXES := 
# default
.FEATURES := target-specific order-only second-expansion else-if shortest-stem undefine oneshell nocomment grouped-target extra-prereqs archives jobserver output-sync check-symlink load
# environment
QEMU_DEBUG_COMMON = -S -gdb tcp::5894
# environment
CC = /usr/local/osdev/bin/i686-elf-gcc
# environment
SOURCES_ASM = src/asm/asm_tests.s src/asm/boot.s src/asm/interrupts_asm.s src/test_apps/build_temp/alpha.s src/test_apps/build_temp/beta.s src/test_apps/build_temp/gamma.s
# environment
SSH_CONNECTION = 192.168.0.204 53186 192.168.0.100 22
# variable set hash-table stats:
# Load=82/1024=8%, Rehash=0, Collisions=5/144=3%

# Pattern-specific Variable Values

# No pattern-specific variable values.

# Directories

# . (device 66306, inode 28836212): 11 files, no impossibilities.

# 11 files, no impossibilities in 1 directories.

# Implicit Rules

# No implicit rules.

# Files

# Not a target:
Makefile:
#  Implicit rule search has been done.
#  Last modified 2022-03-13 16:22:19.357606714
#  File has been updated.
#  Successfully updated.

# Not a target:
.DEFAULT:
#  Implicit rule search has not been done.
#  Modification time never checked.
#  File has not been updated.

all:
#  Implicit rule search has not been done.
#  Implicit/static pattern stem: ''
#  Modification time never checked.
#  File has been updated.
#  Needs to be updated (-q is set).
# automatic
# @ := all
# automatic
# * := 
# automatic
# < := 
# automatic
# + := 
# automatic
# % := 
# automatic
# ^ := 
# automatic
# ? := 
# automatic
# | := 
# variable set hash-table stats:
# Load=8/32=25%, Rehash=0, Collisions=8/35=23%
#  recipe to execute (from 'Makefile', line 3):
	$(MAKE) -C libvv >> $(BUILD_LOG)
	$(MAKE) -C test_apps >> $(BUILD_LOG)
	$(MAKE) -C asm >> $(BUILD_LOG)
	$(MAKE) -C bootstrap >> $(BUILD_LOG)
	$(MAKE) -C c >> $(BUILD_LOG)
	$(MAKE) -C c/syscall >> $(BUILD_LOG)
	$(MAKE) -C build_support >> $(BUILD_LOG)

# Not a target:
.SUFFIXES:
#  Implicit rule search has not been done.
#  Modification time never checked.
#  File has not been updated.

# files hash-table stats:
# Load=4/1024=0%, Rehash=0, Collisions=0/17=0%
# VPATH Search Paths

# No 'vpath' search paths.

# No general ('VPATH' variable) search path.

# strcache buffers: 1 (0) / strings = 17 / storage = 137 B / avg = 8 B
# current buf: size = 8162 B / used = 137 B / count = 17 / avg = 8 B

# strcache performance: lookups = 22 / hit rate = 22%
# hash-table stats:
# Load=17/8192=0%, Rehash=0, Collisions=0/22=0%
# Finished Make data base on Sun Mar 20 14:50:34 2022

# make[1]: Leaving directory '/usr/local/osdev/versions/v/src'
# GNU Make 4.3
# Built for x86_64-pc-linux-gnu
# Copyright (C) 1988-2020 Free Software Foundation, Inc.
# License GPLv3+: GNU GPL version 3 or later <http://gnu.org/licenses/gpl.html>
# This is free software: you are free to change and redistribute it.
# There is NO WARRANTY, to the extent permitted by law.

# Make data base, printed on Sun Mar 20 14:50:34 2022

# Variables

# environment
LC_ALL = C
# makefile (from '/usr/local/osdev/versions/v/Makefile', line 21)
QEMU_COMMON = -drive format=raw,if=ide,file=$(ROOT_DIR)/vv_hd.img -device isa-debug-exit,iobase=0xf4,iosize=0x04 -nic user,ipv6=off,model=e1000,mac=52:54:98:76:54:32 -m 4G
# makefile (from '/usr/local/osdev/versions/v/Makefile', line 25)
QEMU_DISPLAY_NONE = -serial file:$(ROOT_DIR)/serial_out.txt -serial stdio -display none
# environment
VSCODE_CWD = /home/adam
# default
MAKE_COMMAND := make
# automatic
@D = $(patsubst %/,%,$(dir $@))
# makefile (from '/usr/local/osdev/versions/v/Makefile', line 16)
ALAGS = $(C_OPTS) -I$(ROOT_DIR)/src/include
# environment
VSCODE_HANDLES_UNCAUGHT_ERRORS = true
# default
 
.VARIABLES := 
# environment
PWD = /usr/local/osdev/versions
# automatic
%D = $(patsubst %/,%,$(dir $%))
# environment
XDG_DATA_DIRS = /usr/local/share:/usr/share:/var/lib/snapd/desktop
# automatic
^D = $(patsubst %/,%,$(dir $^))
# environment
VSCODE_LOG_STACK = false
# automatic
%F = $(notdir $%)
# environment
LANG = C
# default
.LOADED := 
# default
.INCLUDE_DIRS = /usr/local/include /usr/include /usr/include
# makefile
MAKEFLAGS = pqrRw
# makefile
CURDIR := /usr/local/osdev/versions/v
# makefile (from '/usr/local/osdev/versions/v/Makefile', line 15)
ASM = /usr/local/osdev/bin/i686-elf-as
# environment
VSCODE_PIPE_LOGGING = true
# environment
APPLICATION_INSIGHTS_NO_DIAGNOSTIC_CHANNEL = 1
# environment
LESSOPEN = | /usr/bin/lesspipe %s
# automatic
*D = $(patsubst %/,%,$(dir $*))
# environment
MFLAGS = -pqrRw
# default
.SHELLFLAGS := -c
# automatic
+D = $(patsubst %/,%,$(dir $+))
# makefile (from '/usr/local/osdev/versions/v/Makefile', line 1)
MAKEFILE_LIST := /usr/local/osdev/versions/v/Makefile
# automatic
@F = $(notdir $@)
# environment
VSCODE_VERBOSE_LOGGING = true
# environment
XDG_SESSION_TYPE = tty
# automatic
?D = $(patsubst %/,%,$(dir $?))
# automatic
*F = $(notdir $*)
# environment
DBUS_SESSION_BUS_ADDRESS = unix:path=/run/user/1000/bus
# automatic
<D = $(patsubst %/,%,$(dir $<))
# environment
VSCODE_NLS_CONFIG = {"locale":"en","availableLanguages":{}}
# default
MAKE_HOST := x86_64-pc-linux-gnu
# makefile (from '/usr/local/osdev/versions/v/Makefile', line 6)
SHELL := /bin/bash -O globstar
# default
MAKECMDGOALS := all
# environment
SHLVL = 0
# makefile (from '/usr/local/osdev/versions/v/Makefile', line 7)
SOURCES_C = $(shell ls src/**/*.c)
# environment
MAKELEVEL := 0
# makefile (from '/usr/local/osdev/versions/v/Makefile', line 19)
OBJDUMP = /usr/local/osdev/bin/i686-elf-objdump
# default
MAKE = $(MAKE_COMMAND)
# environment
PATH = /home/adam/.vscode-server/bin/c722ca6c7eed3d7987c0d5c3df5c45f6b15e77d1/bin/remote-cli:/usr/local/osdev/bin:/usr/local/sbin:/usr/local/bin:/usr/sbin:/usr/bin:/sbin:/bin:/usr/games:/usr/local/games:/snap/bin
# default
MAKEFILES := 
# environment
MOTD_SHOWN = pam
# automatic
^F = $(notdir $^)
# environment
SSH_CLIENT = 192.168.0.204 53186 22
# environment
VSCODE_LOG_NATIVE = false
# environment
LESSCLOSE = /usr/bin/lesspipe %s %s
# automatic
?F = $(notdir $?)
# environment
LS_COLORS = 
# automatic
+F = $(notdir $+)
# makefile (from '/usr/local/osdev/versions/v/Makefile', line 4)
ROOT_DIR = $(shell dirname $(realpath $(firstword $(MAKEFILE_LIST))))
# 'override' directive
GNUMAKEFLAGS := 
# environment
BROWSER = /home/adam/.vscode-server/bin/c722ca6c7eed3d7987c0d5c3df5c45f6b15e77d1/bin/helpers/browser.sh
# environment
LOGNAME = adam
# makefile (from '/usr/local/osdev/versions/v/Makefile', line 1)
.DEFAULT_GOAL := all
# makefile (from '/usr/local/osdev/versions/v/Makefile', line 20)
QEMU = qemu-system-i386 
# environment
USER = adam
# default
MAKE_VERSION := 4.3
# 'override' directive
.SHELLSTATUS := 0
# makefile (from '/usr/local/osdev/versions/v/Makefile', line 5)
BUILD_LOG = $(ROOT_DIR)/build.log
# environment
VSCODE_EXTHOST_WILL_SEND_SOCKET = true
# makefile (from '/usr/local/osdev/versions/v/Makefile', line 28)
QEMU_DISPLAY_NORMAL = -serial file:$(ROOT_DIR)/serial_out.txt -serial stdio
# environment
VSCODE_AGENT_FOLDER = /home/adam/.vscode-server
# environment
_ = /home/adam/.vscode-server/bin/c722ca6c7eed3d7987c0d5c3df5c45f6b15e77d1/node
# environment
XDG_RUNTIME_DIR = /run/user/1000
# makefile (from '/usr/local/osdev/versions/v/Makefile', line 14)
CFLAGS = -ffreestanding -fno-omit-frame-pointer -O2 -nostdlib -static-libgcc -lgcc -g -I$(ROOT_DIR)/src/include -I$(ROOT_DIR)/src/libvv/include -I/usr/local/osdev/versions/vvlibc/include $(C_OPTS) 
# environment
VSCODE_IPC_HOOK_CLI = /run/user/1000/vscode-ipc-b1f10df1-31a4-4bc6-abd2-08c71850c2b4.sock
# environment
XDG_SESSION_CLASS = user
# environment
VSCODE_AMD_ENTRYPOINT = vs/workbench/api/node/extensionHostProcess
# environment
HOME = /home/adam
# environment
XDG_SESSION_ID = 81
# default
.RECIPEPREFIX := 
# automatic
<F = $(notdir $<)
# default
SUFFIXES := 
# default
.FEATURES := target-specific order-only second-expansion else-if shortest-stem undefine oneshell nocomment grouped-target extra-prereqs archives jobserver output-sync check-symlink load
# makefile (from '/usr/local/osdev/versions/v/Makefile', line 30)
QEMU_DEBUG_COMMON = -S -gdb tcp::5894
# makefile (from '/usr/local/osdev/versions/v/Makefile', line 13)
CC = /usr/local/osdev/bin/i686-elf-gcc
# makefile (from '/usr/local/osdev/versions/v/Makefile', line 8)
SOURCES_ASM = $(shell ls src/**/*.s)
# environment
SSH_CONNECTION = 192.168.0.204 53186 192.168.0.100 22
# variable set hash-table stats:
# Load=84/1024=8%, Rehash=0, Collisions=20/176=11%

# Pattern-specific Variable Values

# No pattern-specific variable values.

# Directories


# No files, no impossibilities in 0 directories.

# Implicit Rules

# No implicit rules.

# Files

# Not a target:
src/test_apps/build_temp/gamma.s:
#  Implicit rule search has been done.
#  Last modified 2022-03-20 14:50:34.126425622
#  File has been updated.
#  Successfully updated.

# Not a target:
src/test_apps/build_temp/alpha.s:
#  Implicit rule search has been done.
#  Last modified 2022-03-20 14:50:34.126425622
#  File has been updated.
#  Successfully updated.

# Not a target:
src/c/process.c:
#  Implicit rule search has been done.
#  Last modified 2022-03-17 11:19:46.810885991
#  File has been updated.
#  Successfully updated.

# Not a target:
src/test_apps/build_temp/beta.s:
#  Implicit rule search has been done.
#  Last modified 2022-03-20 14:50:34.126425622
#  File has been updated.
#  Successfully updated.

# Not a target:
src/c/pci.c:
#  Implicit rule search has been done.
#  Last modified 2022-03-13 16:22:19.161605759
#  File has been updated.
#  Successfully updated.

# Not a target:
src/c/interrupts.c:
#  Implicit rule search has been done.
#  Last modified 2022-03-19 13:27:58.093509367
#  File has been updated.
#  Successfully updated.

# Not a target:
src/c/kernel.c:
#  Implicit rule search has been done.
#  Last modified 2022-03-19 09:56:58.209251012
#  File has been updated.
#  Successfully updated.

# Not a target:
src/test_apps/alpha.c:
#  Implicit rule search has been done.
#  Last modified 2022-03-17 11:16:29.649957769
#  File has been updated.
#  Successfully updated.

# Not a target:
src/c/syscall.c:
#  Implicit rule search has been done.
#  Last modified 2022-03-15 12:34:09.918764417
#  File has been updated.
#  Successfully updated.

# Not a target:
src/asm/asm_tests.s:
#  Implicit rule search has been done.
#  Last modified 2022-03-13 16:22:18.977604865
#  File has been updated.
#  Successfully updated.

# Not a target:
src/c/serial.c:
#  Implicit rule search has been done.
#  Last modified 2022-03-20 13:51:56.896583187
#  File has been updated.
#  Successfully updated.

run_debug: install
#  Implicit rule search has not been done.
#  Modification time never checked.
#  File has not been updated.
#  recipe to execute (from '/usr/local/osdev/versions/v/Makefile', line 50):
	$(QEMU) $(QEMU_COMMON) $(QEMU_DISPLAY_NORMAL) $(QEMU_DEBUG_COMMON)

clean:
#  Implicit rule search has not been done.
#  Modification time never checked.
#  File has not been updated.
#  recipe to execute (from '/usr/local/osdev/versions/v/Makefile', line 59):
	rm -rf build.log
	rm -rf build/*.o
	rm -rf build/*.bin 
	rm -rf objdump.txt
	rm -rf versionv.iso

# Not a target:
/usr/local/osdev/versions/v/Makefile:
#  Implicit rule search has been done.
#  Last modified 2022-03-15 17:36:08.4886978
#  File has been updated.
#  Successfully updated.

# Not a target:
src/test_apps/gamma.c:
#  Implicit rule search has been done.
#  Last modified 2022-03-17 11:16:32.709972018
#  File has been updated.
#  Successfully updated.

# Not a target:
src/c/memory.c:
#  Implicit rule search has been done.
 
#  Last modified 2022-03-20 12:50:53.6345135
#  File has been updated.
#  Successfully updated.

# Not a target:
src/c/terminal.c:
#  Implicit rule search has been done.
#  Last modified 2022-03-13 16:22:19.209605993
#  File has been updated.
#  Successfully updated.

# Not a target:
src/c/modules.c:
#  Implicit rule search has been done.
#  Last modified 2022-03-16 23:18:49.156887484
#  File has been updated.
#  Successfully updated.

# Not a target:
src/asm/boot.s:
#  Implicit rule search has been done.
#  Last modified 2022-03-20 12:50:53.6345135
#  File has been updated.
#  Successfully updated.

# Not a target:
src/c/debug.c:
#  Implicit rule search has been done.
#  Last modified 2022-03-16 15:26:03.15167683
#  File has been updated.
#  Successfully updated.

# Not a target:
src/c/multiboot.c:
#  Implicit rule search has been done.
#  Last modified 2022-03-16 20:20:52.45745683
#  File has been updated.
#  Successfully updated.

# Not a target:
src/libvv/vv_list.c:
#  Implicit rule search has been done.
#  Last modified 2022-03-13 16:22:19.353606693
#  File has been updated.
#  Successfully updated.

# Not a target:
src/c/syscall/sched_yield.c:
#  Implicit rule search has been done.
#  Last modified 2022-03-17 00:26:44.314584464
#  File has been updated.
#  Successfully updated.

# Not a target:
.DEFAULT:
#  Implicit rule search has not been done.
#  Modification time never checked.
#  File has not been updated.

all: install
#  Command line target.
#  Implicit rule search has been done.
#  File does not exist.
#  File has not been updated.
# variable set hash-table stats:
# Load=0/32=0%, Rehash=0, Collisions=0/52=0%

run: install
#  Implicit rule search has not been done.
#  Modification time never checked.
#  File has not been updated.
#  recipe to execute (from '/usr/local/osdev/versions/v/Makefile', line 47):
	$(QEMU) $(QEMU_COMMON) $(QEMU_DISPLAY_NORMAL)

run_ng: install
#  Implicit rule search has not been done.
#  Modification time never checked.
#  File has not been updated.
#  recipe to execute (from '/usr/local/osdev/versions/v/Makefile', line 53):
	$(QEMU) $(QEMU_COMMON) $(QEMU_DISPLAY_NONE) && echo "Exit Code: $$?" || echo "Exit Code: $$?"

# Not a target:
src/c/elf.c:
#  Implicit rule search has been done.
#  Last modified 2022-03-16 20:52:41.631361872
#  File has been updated.
#  Successfully updated.

# Not a target:
src/c/vga.c:
#  Implicit rule search has been done.
#  Last modified 2022-03-13 16:22:19.213606013
#  File has been updated.
#  Successfully updated.

# 'override' directive
build/versionv.bin: .SHELLSTATUS := 0
build/versionv.bin: src/bootstrap/bootstrap.c src/c/ata.c src/c/debug.c src/c/elf.c src/c/intel8254.c src/c/interrupts.c src/c/kernel.c src/c/memory.c src/c/modules.c src/c/multiboot.c src/c/pci.c src/c/process.c src/c/serial.c src/c/syscall.c src/c/syscall/read.c src/c/syscall/sbrk.c src/c/syscall/sched_yield.c src/c/terminal.c src/c/vga.c src/libvv/vv_list.c src/temp_save/printf.c src/test_apps/alpha.c src/test_apps/beta.c src/test_apps/gamma.c src/asm/asm_tests.s src/asm/boot.s src/asm/interrupts_asm.s src/test_apps/build_temp/alpha.s src/test_apps/build_temp/beta.s src/test_apps/build_temp/gamma.s
#  Implicit rule search has not been done.
#  Implicit/static pattern stem: ''
#  Last modified 2514-05-29 18:53:03.107374182
#  File has been updated.
#  Needs to be updated (-q is set).
# automatic
# @ := build/versionv.bin
# automatic
# * := 
# automatic
# < := src/bootstrap/bootstrap.c
# automatic
# + := src/bootstrap/bootstrap.c src/c/ata.c src/c/debug.c src/c/elf.c src/c/intel8254.c src/c/interrupts.c src/c/kernel.c src/c/memory.c src/c/modules.c src/c/multiboot.c src/c/pci.c src/c/process.c src/c/serial.c src/c/syscall.c src/c/syscall/read.c src/c/syscall/sbrk.c src/c/syscall/sched_yield.c src/c/terminal.c src/c/vga.c src/libvv/vv_list.c src/temp_save/printf.c src/test_apps/alpha.c src/test_apps/beta.c src/test_apps/gamma.c src/asm/asm_tests.s src/asm/boot.s src/asm/interrupts_asm.s src/test_apps/build_temp/alpha.s src/test_apps/build_temp/beta.s src/test_apps/build_temp/gamma.s
# automatic
# % := 
# automatic
# ^ := src/bootstrap/bootstrap.c src/c/ata.c src/c/debug.c src/c/elf.c src/c/intel8254.c src/c/interrupts.c src/c/kernel.c src/c/memory.c src/c/modules.c src/c/multiboot.c src/c/pci.c src/c/process.c src/c/serial.c src/c/syscall.c src/c/syscall/read.c src/c/syscall/sbrk.c src/c/syscall/sched_yield.c src/c/terminal.c src/c/vga.c src/libvv/vv_list.c src/temp_save/printf.c src/test_apps/alpha.c src/test_apps/beta.c src/test_apps/gamma.c src/asm/asm_tests.s src/asm/boot.s src/asm/interrupts_asm.s src/test_apps/build_temp/alpha.s src/test_apps/build_temp/beta.s src/test_apps/build_temp/gamma.s
# automatic
# ? := src/test_apps/build_temp/alpha.s src/test_apps/build_temp/beta.s src/test_apps/build_temp/gamma.s
# automatic
# | := 
# variable set hash-table stats:
# Load=9/32=28%, Rehash=0, Collisions=16/70=23%
#  recipe to execute (from '/usr/local/osdev/versions/v/Makefile', line 37):
	$(MAKE) -C src
	objdump -x -d build/versionv.bin > objdump.txt
	readelf -a build/versionv.bin > elfdump.txt

install: build/versionv.bin
#  Implicit rule search has not been done.
#  File does not exist.
#  File has not been updated.
# variable set hash-table stats:
# Load=0/32=0%, Rehash=0, Collisions=0/52=0%
#  recipe to execute (from '/usr/local/osdev/versions/v/Makefile', line 42):
	mount hd_mount_dir
	cp build/versionv.bin -f hd_mount_dir/boot/versionv.bin >> $(BUILD_LOG)
	umount hd_mount_dir

# Not a target:
src/c/syscall/read.c:
#  Implicit rule search has been done.
#  Last modified 2022-03-15 12:22:51.090642148
#  File has been updated.
#  Successfully updated.

run_ng_debug: install
#  Implicit rule search has not been done.
#  Modification time never checked.
#  File has not been updated.
#  recipe to execute (from '/usr/local/osdev/versions/v/Makefile', line 56):
	$(QEMU) $(QEMU_COMMON) $(QEMU_DISPLAY_NONE) $(QEMU_DEBUG_COMMON)

# Not a target:
src/temp_save/printf.c:
#  Implicit rule search has been done.
#  Last modified 2022-03-13 16:22:19.365606752
#  File has been updated.
#  Successfully updated.

# Not a target:
.SUFFIXES:
#  Implicit rule search has not been done.
#  Modification time never checked.
#  File has not been updated.

# Not a target:
src/c/syscall/sbrk.c:
#  Implicit rule search has been done.
#  Last modified 2022-03-15 12:30:38.19754215
#  File has been updated.
#  Successfully updated.

# Not a target:
src/bootstrap/bootstrap.c:
#  Implicit rule search has been done.
#  Last modified 2022-03-15 17:52:46.557968381
#  File has been updated.
#  Successfully updated.

# Not a target:
src/asm/interrupts_asm.s:
#  Implicit rule search has been done.
#  Last modified 2022-03-17 12:15:00.144452944
#  File has been updated.
#  Successfully updated.

# Not a target:
src/test_apps/beta.c:
#  Implicit rule search has been done.
#  Last modified 2022-03-17 11:16:26.477943002
#  File has been updated.
#  Successfully updated.

# Not a target:
src/c/intel8254.c:
#  Implicit rule search has been done.
#  Last modified 2022-03-13 16:22:19.117605546
#  File has been updated.
#  Successfully updated.

# Not a target:
src/c/ata.c:
#  Implicit rule search has been done.
#  Last modified 2022-03-13 16:22:19.097605448
#  File has been updated.
#  Successfully updated.

# files hash-table stats:
# Load=41/1024=4%, Rehash=0, Collisions=0/91=0%
# VPATH Search Paths

# No 'vpath' search paths.

# No general ('VPATH' variable) search path.

# strcache buffers: 1 (0) / strings = 44 / storage = 776 B / avg = 17 B
# current buf: size = 8162 B / used = 776 B / count = 44 / avg = 17 B

# strcache performance: lookups = 63 / hit rate = 30%
# hash-table stats:
# Load=44/8192=1%, Rehash=0, Collisions=0/63=0%
# Finished Make data base on Sun Mar 20 14:50:34 2022

# make: Leaving directory '/usr/local/osdev/versions/v'
 
