make[2]: Entering directory '/mnt/hgfs/versions/v/src/libvv'
/usr/local/osdev/bin/i686-elf-gcc -ffreestanding -fno-omit-frame-pointer -O2 -nostdlib -static-libgcc -lgcc -g -I/mnt/hgfs/versions/v/src/include -I/mnt/hgfs/versions/v/src/libvv/include   -c vv_list.c -o ../../build/vv_list.o
make[2]: Leaving directory '/mnt/hgfs/versions/v/src/libvv'
make[2]: Entering directory '/mnt/hgfs/versions/v/src/asm'
/usr/local/osdev/bin/i686-elf-as  boot.s -g -o ../../build/boot.o
/usr/local/osdev/bin/i686-elf-as  interrupts_asm.s -g -o ../../build/interrupts_asm.o
make[2]: Leaving directory '/mnt/hgfs/versions/v/src/asm'
make[2]: Entering directory '/mnt/hgfs/versions/v/src/bootstrap'
/usr/local/osdev/bin/i686-elf-gcc -ffreestanding -fno-omit-frame-pointer -O2 -nostdlib -static-libgcc -lgcc -g -I/mnt/hgfs/versions/v/src/include -I/mnt/hgfs/versions/v/src/libvv/include   -c bootstrap.c -o ../../build/bootstrap.o
/usr/local/osdev/bin/i686-elf-gcc -ffreestanding -fno-omit-frame-pointer -O2 -nostdlib -static-libgcc -lgcc -g -I/mnt/hgfs/versions/v/src/include -I/mnt/hgfs/versions/v/src/libvv/include   -c printf.c -o ../../build/printf.o
make[2]: Leaving directory '/mnt/hgfs/versions/v/src/bootstrap'
make[2]: Entering directory '/mnt/hgfs/versions/v/src/c'
/usr/local/osdev/bin/i686-elf-gcc -ffreestanding -fno-omit-frame-pointer -O2 -nostdlib -static-libgcc -lgcc -g -I/mnt/hgfs/versions/v/src/include -I/mnt/hgfs/versions/v/src/libvv/include   -c ata.c -o ../../build/ata.o
/usr/local/osdev/bin/i686-elf-gcc -ffreestanding -fno-omit-frame-pointer -O2 -nostdlib -static-libgcc -lgcc -g -I/mnt/hgfs/versions/v/src/include -I/mnt/hgfs/versions/v/src/libvv/include   -c debug.c -o ../../build/debug.o
/usr/local/osdev/bin/i686-elf-gcc -ffreestanding -fno-omit-frame-pointer -O2 -nostdlib -static-libgcc -lgcc -g -I/mnt/hgfs/versions/v/src/include -I/mnt/hgfs/versions/v/src/libvv/include   -c elf.c -o ../../build/elf.o
/usr/local/osdev/bin/i686-elf-gcc -ffreestanding -fno-omit-frame-pointer -O2 -nostdlib -static-libgcc -lgcc -g -I/mnt/hgfs/versions/v/src/include -I/mnt/hgfs/versions/v/src/libvv/include   -c intel8254.c -o ../../build/intel8254.o
/usr/local/osdev/bin/i686-elf-gcc -ffreestanding -fno-omit-frame-pointer -O2 -nostdlib -static-libgcc -lgcc -g -I/mnt/hgfs/versions/v/src/include -I/mnt/hgfs/versions/v/src/libvv/include   -c interrupts.c -o ../../build/interrupts.o
/usr/local/osdev/bin/i686-elf-gcc -ffreestanding -fno-omit-frame-pointer -O2 -nostdlib -static-libgcc -lgcc -g -I/mnt/hgfs/versions/v/src/include -I/mnt/hgfs/versions/v/src/libvv/include   -c kernel.c -o ../../build/kernel.o
/usr/local/osdev/bin/i686-elf-gcc -ffreestanding -fno-omit-frame-pointer -O2 -nostdlib -static-libgcc -lgcc -g -I/mnt/hgfs/versions/v/src/include -I/mnt/hgfs/versions/v/src/libvv/include   -c memory.c -o ../../build/memory.o
/usr/local/osdev/bin/i686-elf-gcc -ffreestanding -fno-omit-frame-pointer -O2 -nostdlib -static-libgcc -lgcc -g -I/mnt/hgfs/versions/v/src/include -I/mnt/hgfs/versions/v/src/libvv/include   -c multiboot.c -o ../../build/multiboot.o
/usr/local/osdev/bin/i686-elf-gcc -ffreestanding -fno-omit-frame-pointer -O2 -nostdlib -static-libgcc -lgcc -g -I/mnt/hgfs/versions/v/src/include -I/mnt/hgfs/versions/v/src/libvv/include   -c pci.c -o ../../build/pci.o
/usr/local/osdev/bin/i686-elf-gcc -ffreestanding -fno-omit-frame-pointer -O2 -nostdlib -static-libgcc -lgcc -g -I/mnt/hgfs/versions/v/src/include -I/mnt/hgfs/versions/v/src/libvv/include   -c serial.c -o ../../build/serial.o
/usr/local/osdev/bin/i686-elf-gcc -ffreestanding -fno-omit-frame-pointer -O2 -nostdlib -static-libgcc -lgcc -g -I/mnt/hgfs/versions/v/src/include -I/mnt/hgfs/versions/v/src/libvv/include   -c terminal.c -o ../../build/terminal.o
/usr/local/osdev/bin/i686-elf-gcc -ffreestanding -fno-omit-frame-pointer -O2 -nostdlib -static-libgcc -lgcc -g -I/mnt/hgfs/versions/v/src/include -I/mnt/hgfs/versions/v/src/libvv/include   -c vga.c -o ../../build/vga.o
make[2]: Leaving directory '/mnt/hgfs/versions/v/src/c'
make[2]: Entering directory '/mnt/hgfs/versions/v/src/build_support'
/usr/local/osdev/bin/i686-elf-gcc -T linker.ld -o ../../build/versionv.bin -ffreestanding -fno-omit-frame-pointer -O2 -nostdlib -static-libgcc -lgcc -g -I/mnt/hgfs/versions/v/src/include -I/mnt/hgfs/versions/v/src/libvv/include   ../../build/ata.o ../../build/boot.o ../../build/bootstrap.o ../../build/debug.o ../../build/elf.o ../../build/intel8254.o ../../build/interrupts_asm.o ../../build/interrupts.o ../../build/kernel.o ../../build/memory.o ../../build/multiboot.o ../../build/pci.o ../../build/printf.o ../../build/serial.o ../../build/terminal.o ../../build/vga.o ../../build/vv_list.o
make[2]: Leaving directory '/mnt/hgfs/versions/v/src/build_support'
